<?xml version="1.0" encoding="UTF-8"?>
<persistence version="2.0"
	xmlns="http://java.sun.com/xml/ns/persistence" xmlns:xsi="http://www.w3.org/2001/XMLSchema-instance"
	xsi:schemaLocation="
        http://java.sun.com/xml/ns/persistence
        http://java.sun.com/xml/ns/persistence/persistence_2_0.xsd">
	<persistence-unit name="StackOverTestPU">
		<!-- The datasource is deployed as WEB-INF/test-ds.xml, you can find it 
			in the source at src/test/resources/test-ds.xml -->
		<jta-data-source>java:/datasources/StackOverTestDS</jta-data-source>
		<properties>
			<!-- Properties for Hibernate -->
			<property name="hibernate.dialect" value="org.hibernate.dialect.MySQL5InnoDBDialect" />

			<property name="hibernate.hbm2ddl.auto" value="validate" />

			<property name="hibernate.show_sql" value="true" />
			<property name="hibernate.format_sql" value="true" />
			<property name="hibernate.use_sql_comments" value="true" />
		</properties>
	</persistence-unit>
</persistence>
